0 info it worked if it ends with ok
1 verbose cli [ '/Users/Sufyan/.nvm/versions/node/v6.2.2/bin/node',
1 verbose cli   '/Users/Sufyan/.nvm/versions/node/v6.2.2/bin/npm',
1 verbose cli   'start' ]
2 info using npm@3.9.5
3 info using node@v6.2.2
4 verbose run-script [ 'prestart', 'start', 'poststart' ]
5 info lifecycle vue-finder-rest-api@1.0.0~prestart: vue-finder-rest-api@1.0.0
6 silly lifecycle vue-finder-rest-api@1.0.0~prestart: no script for prestart, continuing
7 info lifecycle vue-finder-rest-api@1.0.0~start: vue-finder-rest-api@1.0.0
8 verbose lifecycle vue-finder-rest-api@1.0.0~start: unsafe-perm in lifecycle true
9 verbose lifecycle vue-finder-rest-api@1.0.0~start: PATH: /Users/Sufyan/.nvm/versions/node/v6.2.2/lib/node_modules/npm/bin/node-gyp-bin:/Users/Sufyan/Sites/vue-finder-rest-api/node_modules/.bin:/Users/Sufyan/.nvm/versions/node/v6.2.2/bin:/Users/Sufyan/google-cloud-sdk/bin:/Users/Sufyan/anaconda/bin:/Users/Sufyan/anaconda2/bin:/Users/Sufyan/.nvm/versions/node/v6.2.2/bin:/Library/Frameworks/Python.framework/Versions/3.5/bin:/usr/local/bin:/usr/bin:/bin:/usr/sbin:/sbin:/opt/X11/bin:/opt/ImageMagick/bin:/Library/TeX/texbin:/opt/node/bin:/opt/node/bin:/opt/node/bin:/Users/Sufyan/.rvm/bin
10 verbose lifecycle vue-finder-rest-api@1.0.0~start: CWD: /Users/Sufyan/Sites/vue-finder-rest-api
11 silly lifecycle vue-finder-rest-api@1.0.0~start: Args: [ '-c', 'sudo "$(which node)" index.js' ]
12 silly lifecycle vue-finder-rest-api@1.0.0~start: Returned: code: 1  signal: null
13 info lifecycle vue-finder-rest-api@1.0.0~start: Failed to exec start script
14 verbose stack Error: vue-finder-rest-api@1.0.0 start: `sudo "$(which node)" index.js`
14 verbose stack Exit status 1
14 verbose stack     at EventEmitter.<anonymous> (/Users/Sufyan/.nvm/versions/node/v6.2.2/lib/node_modules/npm/lib/utils/lifecycle.js:245:16)
14 verbose stack     at emitTwo (events.js:106:13)
14 verbose stack     at EventEmitter.emit (events.js:191:7)
14 verbose stack     at ChildProcess.<anonymous> (/Users/Sufyan/.nvm/versions/node/v6.2.2/lib/node_modules/npm/lib/utils/spawn.js:24:14)
14 verbose stack     at emitTwo (events.js:106:13)
14 verbose stack     at ChildProcess.emit (events.js:191:7)
14 verbose stack     at maybeClose (internal/child_process.js:852:16)
14 verbose stack     at Process.ChildProcess._handle.onexit (internal/child_process.js:215:5)
15 verbose pkgid vue-finder-rest-api@1.0.0
16 verbose cwd /Users/Sufyan/Sites/vue-finder-rest-api
17 error Darwin 16.7.0
18 error argv "/Users/Sufyan/.nvm/versions/node/v6.2.2/bin/node" "/Users/Sufyan/.nvm/versions/node/v6.2.2/bin/npm" "start"
19 error node v6.2.2
20 error npm  v3.9.5
21 error code ELIFECYCLE
22 error vue-finder-rest-api@1.0.0 start: `sudo "$(which node)" index.js`
22 error Exit status 1
23 error Failed at the vue-finder-rest-api@1.0.0 start script 'sudo "$(which node)" index.js'.
23 error Make sure you have the latest version of node.js and npm installed.
23 error If you do, this is most likely a problem with the vue-finder-rest-api package,
23 error not with npm itself.
23 error Tell the author that this fails on your system:
23 error     sudo "$(which node)" index.js
23 error You can get information on how to open an issue for this project with:
23 error     npm bugs vue-finder-rest-api
23 error Or if that isn't available, you can get their info via:
23 error     npm owner ls vue-finder-rest-api
23 error There is likely additional logging output above.
24 verbose exit [ 1, true ]
